Change Component Footprint: Designator=D1 Old Footprint=DIOM7959X262N New Footprint=SODFL3718X102N
Change Component Footprint: Designator=D2 Old Footprint=DIOM7959X262N New Footprint=SODFL3718X102N
Change Component Footprint: Designator=D3 Old Footprint=DIOM7959X262N New Footprint=SODFL3718X102N
Change Component Comment : Designator=D1 Old Comment=SS34+ New Comment=SS34LWHRVG
Change Component Comment : Designator=D2 Old Comment=SS34+ New Comment=SS34LWHRVG
Change Component Comment : Designator=D3 Old Comment=SS34+ New Comment=SS34LWHRVG
Change component parameters: Designator = "D1" ("D1"); Footprint = "DIOM7959X262N"; UniqueID = "\QQTQGSXN" ("\QQTQGSXN")
Change component parameters (AddParameter): Name = "Arrow Part Number"; Value = "SS34LWHRVG"; VariantName = "[No Variations]"
Change component parameters (AddParameter): Name = "Arrow Price/Stock"; Value = "https://www.arrow.com/en/products/ss34lwhrvg/taiwan-semiconductor?region=nac"; VariantName = "[No Variations]"
Change component parameters (AddParameter): Name = "Datasheet Link"; Value = "https://datasheet.datasheetarchive.com/originals/distributors/DKDS-20/389381.pdf"; VariantName = "[No Variations]"
Change component parameters (AddParameter): Name = "Height"; Value = "1.02mm"; VariantName = "[No Variations]"
Change component parameters (AddParameter): Name = "Manufacturer_Name"; Value = "Taiwan Semiconductor"; VariantName = "[No Variations]"
Change component parameters (AddParameter): Name = "Manufacturer_Part_Number"; Value = "SS34LWHRVG"; VariantName = "[No Variations]"
Change component parameters (AddParameter): Name = "Mouser Part Number"; Value = "821-SS34LWHRVG"; VariantName = "[No Variations]"
Change component parameters (AddParameter): Name = "Mouser Price/Stock"; Value = "https://www.mouser.co.uk/ProductDetail/Taiwan-Semiconductor/SS34LWHRVG?qs=5aG0NVq1C4zYvYQjFNyRbA%3D%3D"; VariantName = "[No Variations]"
Change component parameters: Designator = "D2" ("D2"); Footprint = "DIOM7959X262N"; UniqueID = "\FSVHLYGR" ("\FSVHLYGR")
Change component parameters (AddParameter): Name = "Arrow Part Number"; Value = "SS34LWHRVG"; VariantName = "[No Variations]"
Change component parameters (AddParameter): Name = "Arrow Price/Stock"; Value = "https://www.arrow.com/en/products/ss34lwhrvg/taiwan-semiconductor?region=nac"; VariantName = "[No Variations]"
Change component parameters (AddParameter): Name = "Datasheet Link"; Value = "https://datasheet.datasheetarchive.com/originals/distributors/DKDS-20/389381.pdf"; VariantName = "[No Variations]"
Change component parameters (AddParameter): Name = "Height"; Value = "1.02mm"; VariantName = "[No Variations]"
Change component parameters (AddParameter): Name = "Manufacturer_Name"; Value = "Taiwan Semiconductor"; VariantName = "[No Variations]"
Change component parameters (AddParameter): Name = "Manufacturer_Part_Number"; Value = "SS34LWHRVG"; VariantName = "[No Variations]"
Change component parameters (AddParameter): Name = "Mouser Part Number"; Value = "821-SS34LWHRVG"; VariantName = "[No Variations]"
Change component parameters (AddParameter): Name = "Mouser Price/Stock"; Value = "https://www.mouser.co.uk/ProductDetail/Taiwan-Semiconductor/SS34LWHRVG?qs=5aG0NVq1C4zYvYQjFNyRbA%3D%3D"; VariantName = "[No Variations]"
Change component parameters: Designator = "D3" ("D3"); Footprint = "DIOM7959X262N"; UniqueID = "\HIXFDPMS" ("\HIXFDPMS")
Change component parameters (AddParameter): Name = "Arrow Part Number"; Value = "SS34LWHRVG"; VariantName = "[No Variations]"
Change component parameters (AddParameter): Name = "Arrow Price/Stock"; Value = "https://www.arrow.com/en/products/ss34lwhrvg/taiwan-semiconductor?region=nac"; VariantName = "[No Variations]"
Change component parameters (AddParameter): Name = "Datasheet Link"; Value = "https://datasheet.datasheetarchive.com/originals/distributors/DKDS-20/389381.pdf"; VariantName = "[No Variations]"
Change component parameters (AddParameter): Name = "Height"; Value = "1.02mm"; VariantName = "[No Variations]"
Change component parameters (AddParameter): Name = "Manufacturer_Name"; Value = "Taiwan Semiconductor"; VariantName = "[No Variations]"
Change component parameters (AddParameter): Name = "Manufacturer_Part_Number"; Value = "SS34LWHRVG"; VariantName = "[No Variations]"
Change component parameters (AddParameter): Name = "Mouser Part Number"; Value = "821-SS34LWHRVG"; VariantName = "[No Variations]"
Change component parameters (AddParameter): Name = "Mouser Price/Stock"; Value = "https://www.mouser.co.uk/ProductDetail/Taiwan-Semiconductor/SS34LWHRVG?qs=5aG0NVq1C4zYvYQjFNyRbA%3D%3D"; VariantName = "[No Variations]"
